2024-01-29 10:26:22,416 - INFO - Starting file creation
2024-01-29 10:26:22,416 - INFO - Creating credentials sheet
2024-01-29 10:26:22,423 - INFO - Creating user: maximilian_de_junious
2024-01-29 10:26:22,423 - INFO - Deleting user: maximilian_de_junious
2024-01-29 10:26:22,430 - INFO - Creating user: ramon_nunez_gomez
2024-01-29 10:26:22,430 - INFO - Deleting user: ramon_nunez_gomez
2024-01-29 10:26:22,431 - INFO - Creating user: ulku_omer_ullagoss
2024-01-29 10:26:22,431 - INFO - Deleting user: ulku_omer_ullagoss
2024-01-29 10:26:22,431 - INFO - Creating user: isis_lanpher
2024-01-29 10:26:22,431 - INFO - Deleting user: isis_lanpher
2024-01-29 10:26:22,432 - INFO - Creating user: maximilian_galvin
2024-01-29 10:26:22,432 - INFO - Deleting user: maximilian_galvin
2024-01-29 10:26:22,432 - INFO - Creating user: jannette_laspina
2024-01-29 10:26:22,432 - INFO - Deleting user: jannette_laspina
2024-01-29 10:26:22,432 - INFO - Creating user: marg_dodich
2024-01-29 10:26:22,432 - INFO - Deleting user: marg_dodich
2024-01-29 10:26:22,432 - INFO - Creating user: carisa_bannowsky
2024-01-29 10:26:22,433 - INFO - Deleting user: carisa_bannowsky
2024-01-29 10:26:22,433 - INFO - Creating user: david_waisath
2024-01-29 10:26:22,433 - INFO - Deleting user: david_waisath
2024-01-29 10:26:22,433 - INFO - Creating user: paulette_von_reddigpiette
2024-01-29 10:26:22,433 - INFO - Deleting user: paulette_von_reddigpiette
2024-01-29 10:26:22,433 - INFO - Creating user: kirby_latona
2024-01-29 10:26:22,433 - INFO - Deleting user: kirby_latona
2024-01-29 10:26:22,433 - INFO - Creating user: reed_homewood
2024-01-29 10:26:22,434 - INFO - Deleting user: reed_homewood
2024-01-29 10:26:22,434 - INFO - Creating user: blair_pallaforzedian
2024-01-29 10:26:22,434 - INFO - Deleting user: blair_pallaforzedian
2024-01-29 10:26:22,434 - INFO - Creating user: lon_senemounnaratquillian
2024-01-29 10:26:22,434 - INFO - Deleting user: lon_senemounnaratquillian
2024-01-29 10:26:22,434 - INFO - Creating user: vada_isaac
2024-01-29 10:26:22,434 - INFO - Deleting user: vada_isaac
2024-01-29 10:26:22,434 - INFO - Creating user: jeanett_plancarte
2024-01-29 10:26:22,435 - INFO - Deleting user: jeanett_plancarte
2024-01-29 10:26:22,435 - INFO - Creating user: alex_berteottistirn
2024-01-29 10:26:22,435 - INFO - Deleting user: alex_berteottistirn
2024-01-29 10:26:22,435 - INFO - Creating user: robyn_strycker
2024-01-29 10:26:22,435 - INFO - Deleting user: robyn_strycker
2024-01-29 10:26:22,435 - INFO - Creating user: camille_von_verrill
2024-01-29 10:26:22,435 - INFO - Deleting user: camille_von_verrill
2024-01-29 10:26:22,436 - INFO - Creating user: franz_michael_leopold_deschner
2024-01-29 10:26:22,436 - INFO - Deleting user: franz_michael_leopold_deschner
2024-01-29 10:26:22,436 - INFO - Creating user: veola_franzi
2024-01-29 10:26:22,436 - INFO - Deleting user: veola_franzi
2024-01-29 10:26:22,436 - INFO - Creating user: chantelle_cringle
2024-01-29 10:26:22,436 - INFO - Deleting user: chantelle_cringle
2024-01-29 10:26:22,436 - INFO - Creating user: britney_kosh
2024-01-29 10:26:22,436 - INFO - Deleting user: britney_kosh
2024-01-29 10:26:22,437 - INFO - Creating user: clayton_derouchie
2024-01-29 10:26:22,437 - INFO - Deleting user: clayton_derouchie
2024-01-29 10:26:22,437 - INFO - Creating user: beverlee_doutt
2024-01-29 10:26:22,437 - INFO - Deleting user: beverlee_doutt
2024-01-29 10:26:22,437 - INFO - Creating user: alma_munley
2024-01-29 10:26:22,437 - INFO - Deleting user: alma_munley
2024-01-29 10:26:22,437 - INFO - Creating user: thad_dornbos
2024-01-29 10:26:22,437 - INFO - Deleting user: thad_dornbos
2024-01-29 10:26:22,438 - INFO - Creating user: arvilla_mahala
2024-01-29 10:26:22,438 - INFO - Deleting user: arvilla_mahala
2024-01-29 10:26:22,438 - INFO - Creating user: mirza_ellingwood
2024-01-29 10:26:22,438 - INFO - Deleting user: mirza_ellingwood
2024-01-29 10:26:22,438 - INFO - Creating user: francie_de_cardinallisciola
2024-01-29 10:26:22,438 - INFO - Deleting user: francie_de_cardinallisciola
2024-01-29 10:26:22,439 - INFO - Creating user: irenee_gundry
2024-01-29 10:26:22,439 - INFO - Deleting user: irenee_gundry
2024-01-29 10:26:22,439 - INFO - Creating user: irenee_pinedo
2024-01-29 10:26:22,439 - INFO - Deleting user: irenee_pinedo
2024-01-29 10:26:22,439 - INFO - Creating user: chelah_faivre
2024-01-29 10:26:22,439 - INFO - Deleting user: chelah_faivre
2024-01-29 10:26:22,440 - INFO - Creating user: mirza_pinsky
2024-01-29 10:26:22,440 - INFO - Deleting user: mirza_pinsky
2024-01-29 10:26:22,440 - INFO - Creating user: francie_pinsky1
2024-01-29 10:26:22,440 - INFO - Deleting user: francie_pinsky1
2024-01-29 10:26:22,440 - INFO - Creating user: goldie_pinsky2
2024-01-29 10:26:22,440 - INFO - Deleting user: goldie_pinsky2
2024-01-29 10:26:22,441 - INFO - Creating user: another_pinsky3
2024-01-29 10:26:22,441 - INFO - Deleting user: another_pinsky3
2024-01-29 10:26:22,441 - INFO - Creating user: andromede_norlien
2024-01-29 10:26:22,441 - INFO - Deleting user: andromede_norlien
2024-01-29 10:26:22,442 - INFO - Creating user: helaah_preato
2024-01-29 10:26:22,442 - INFO - Deleting user: helaah_preato
2024-01-29 10:26:22,442 - INFO - Saving credentials to file
2024-01-29 10:26:22,448 - INFO - Files created
